<?xml version="1.0" encoding="UTF-8"?>
<!-- Generated by org.testng.reporters.JUnitReportReporter -->
<testsuite hostname="DESKTOP-FJF7J42" failures="0" tests="1" name="Academy.ValidateNavigationBarTest" time="0.189" errors="0" timestamp="2021-03-28T15:20:04 IST" skipped="0">
  <testcase classname="Academy.ValidateNavigationBarTest" name="validateNavigationBar" time="0.189"/>
  <system-out/>
</testsuite> <!-- Academy.ValidateNavigationBarTest -->
