<?xml version="1.0" encoding="UTF-8"?>
<!-- Generated by org.testng.reporters.JUnitReportReporter -->
<testsuite hostname="DESKTOP-FJF7J42" failures="0" tests="2" name="Academy.HomePageTest" time="26.463" errors="0" timestamp="2021-03-28T15:20:04 IST" skipped="0">
  <testcase classname="Academy.HomePageTest" name="basePageNavigation" time="12.445"/>
  <system-out/>
  <testcase classname="Academy.HomePageTest" name="basePageNavigation" time="14.018"/>
  <system-out/>
</testsuite> <!-- Academy.HomePageTest -->
