<?xml version="1.0" encoding="UTF-8"?>
<!-- Generated by org.testng.reporters.JUnitReportReporter -->
<testsuite hostname="DESKTOP-FJF7J42" failures="0" tests="1" name="Academy.AppTest" time="0.010" errors="0" timestamp="2021-03-28T15:20:04 IST" skipped="0">
  <testcase classname="Academy.AppTest" name="shouldAnswerWithTrue" time="0.010"/>
  <system-out/>
</testsuite> <!-- Academy.AppTest -->
