<?xml version="1.0" encoding="UTF-8"?>
<!-- Generated by org.testng.reporters.JUnitReportReporter -->
<testsuite hostname="DESKTOP-FJF7J42" failures="0" tests="2" name="Academy.HomePageTest" time="23.651" errors="0" timestamp="2021-04-07T10:41:25 IST" skipped="0">
  <testcase classname="Academy.HomePageTest" name="basePageNavigation" time="6.521"/>
  <system-out/>
  <testcase classname="Academy.HomePageTest" name="basePageNavigation" time="17.130"/>
  <system-out/>
</testsuite> <!-- Academy.HomePageTest -->
