<?xml version="1.0" encoding="UTF-8"?>
<!-- Generated by org.testng.reporters.JUnitReportReporter -->
<testsuite hostname="DESKTOP-FJF7J42" failures="0" tests="1" name="Academy.validateNavigationBar" time="0.316" errors="0" timestamp="2021-03-25T11:23:05 IST" skipped="0">
  <testcase classname="Academy.validateNavigationBar" name="basePageNavigation" time="0.316"/>
  <system-out/>
</testsuite> <!-- Academy.validateNavigationBar -->
