<?xml version="1.0" encoding="UTF-8"?>
<!-- Generated by org.testng.reporters.JUnitReportReporter -->
<testsuite hostname="DESKTOP-FJF7J42" failures="0" tests="1" name="Academy.AppTest" time="0.060" errors="0" timestamp="2021-03-25T14:15:43 IST" skipped="0">
  <testcase classname="Academy.AppTest" name="shouldAnswerWithTrue" time="0.060"/>
  <system-out/>
</testsuite> <!-- Academy.AppTest -->
